<?xml version="1.0" encoding="UTF-8"?>
<!-- Generated by org.testng.reporters.JUnitReportReporter -->
<testsuite hostname="TI-NB-392" failures="0" tests="1" name="NewTest" time="6.067" errors="0" timestamp="10 May 2021 10:24:46 GMT" skipped="0">
  <testcase classname="NewTest" name="f" time="6.067"/>
</testsuite> <!-- NewTest -->
