<?xml version="1.0" encoding="UTF-8"?>
<!-- Generated by org.testng.reporters.JUnitReportReporter -->
<testsuite hostname="TI-NB-392" failures="0" tests="1" name="test.LoginTest" time="0.649" errors="0" timestamp="10 May 2021 06:57:00 GMT" skipped="0">
  <testcase classname="test.LoginTest" name="loginsite" time="0.649"/>
</testsuite> <!-- test.LoginTest -->
